16304	None	19389	None
1258	None	3838	None
5623	None	2913	None
19216	None	2595	None
14724	None	2127	None
820	IDriveDaemon	1571	/Library/Application Support/IDriveforMac/IDriveHelperTools/IDriveDaemon.app/Contents/MacOS/IDriveDaemon
16352	None	1153	None
7144	None	950	None
1	launchd	776	/sbin/launchd
8829	None	719	None
13785	None	569	None
5431	None	504	None
1151	exchangesyncd	496	/System/Library/PrivateFrameworks/ExchangeSync.framework/Versions/A/exchangesyncd
2234	None	392	None
81251	None	326	None
1282	None	285	None
938	mdbulkimport	253	/System/Library/Frameworks/CoreServices.framework/Versions/A/Frameworks/Metadata.framework/Versions/A/Support/mdbulkimport
11708	None	248	None
1370	None	224	None
14750	None	217	None
2239	None	188	None
19433	None	186	None
939	mdbulkimport	171	/System/Library/Frameworks/CoreServices.framework/Versions/A/Frameworks/Metadata.framework/Versions/A/Support/mdbulkimport
88072	None	153	None
38844	None	145	None
22532	None	138	None
19298	None	127	None
66184	None	124	None
98962	None	116	None
8409	None	115	None
11466	None	113	None
8423	None	101	None
806	locationd	94	/usr/libexec/locationd
816	cfbackd	90	/Library/Application Support/CleverFiles/BackService.app/Contents/MacOS/cfbackd
12106	None	85	None
22527	None	85	None
818	karabiner_grabber	83	/Library/Application Support/org.pqrs/Karabiner-Elements/bin/karabiner_grabber
1152	accountsd	75	/System/Library/Frameworks/Accounts.framework/Versions/A/Support/accountsd
71316	None	67	None
1312	None	66	None
585	runningboardd	65	/usr/libexec/runningboardd
11498	None	64	None
38830	None	59	None
22213	None	54	None
23153	None	52	None
1546	None	51	None
13589	None	49	None
23226	None	48	None
88128	None	48	None
12766	None	47	None
84152	None	46	None
16219	None	45	None
13769	None	44	None
2243	None	42	None
19638	None	42	None
22069	None	42	None
88183	None	42	None
71327	None	37	None
577	tccd	34	/System/Library/PrivateFrameworks/TCC.framework/Support/tccd
4210	None	34	None
38853	None	34	None
1145	pboard	33	/usr/libexec/pboard
7145	None	32	None
16355	None	32	None
2302	None	30	None
594	analyticsd	29	/System/Library/PrivateFrameworks/CoreAnalytics.framework/Support/analyticsd
83935	None	28	None
2211	None	26	None
87644	None	26	None
21889	None	23	None
2223	None	22	None
930	lsd	21	/usr/libexec/lsd
2237	None	21	None
16326	None	21	None
1177	sharingd	20	/usr/libexec/sharingd
41168	None	19	None
546	opendirectoryd	18	/usr/libexec/opendirectoryd
11465	None	18	None
88070	None	18	None
1164	identityservicesd	17	/System/Library/PrivateFrameworks/IDS.framework/identityservicesd.app/Contents/MacOS/identityservicesd
17642	None	17	None
88059	None	17	None
16345	None	16	None
1149	nsurlsessiond	15	/usr/libexec/nsurlsessiond
19212	None	15	None
20712	None	13	None
21957	None	13	None
5846	None	12	None
8401	None	12	None
13098	None	12	None
99739	None	12	None
2045	None	11	None
12459	None	11	None
11493	None	10	None
89890	None	10	None
990	oahd	9	/usr/libexec/rosetta/oahd
20152	None	9	None
21944	None	9	None
22216	None	9	None
22489	None	9	None
22538	None	9	None
1184	sharedfilelistd	8	/System/Library/CoreServices/sharedfilelistd
11499	None	8	None
13359	None	8	None
20713	None	8	None
21947	None	8	None
605	airportd	7	/usr/libexec/airportd
1211	ContinuityCaptureAgent	7	/usr/libexec/ContinuityCaptureAgent
2228	None	7	None
16025	None	7	None
21865	None	7	None
21870	None	7	None
22488	None	7	None
38854	None	7	None
80613	None	7	None
550	usbmuxd	6	/Library/Apple/System/Library/PrivateFrameworks/MobileDevice.framework/Versions/A/Resources/usbmuxd
2214	None	6	None
9166	None	6	None
11494	None	6	None
21776	None	6	None
21777	None	6	None
21783	None	6	None
21800	None	6	None
21937	None	6	None
21939	None	6	None
21942	None	6	None
22045	None	6	None
22051	None	6	None
22118	None	6	None
22124	None	6	None
22156	None	6	None
22157	None	6	None
22158	None	6	None
22159	None	6	None
22189	None	6	None
22272	None	6	None
22277	None	6	None
22295	None	6	None
22298	None	6	None
22363	None	6	None
22368	None	6	None
22369	None	6	None
22375	None	6	None
22436	None	6	None
22449	None	6	None
22450	None	6	None
22451	None	6	None
22452	None	6	None
22461	None	6	None
22471	None	6	None
22499	None	6	None
22508	None	6	None
22509	None	6	None
22510	None	6	None
22511	None	6	None
22513	None	6	None
22514	None	6	None
22524	None	6	None
22525	None	6	None
22638	None	6	None
22639	None	6	None
22640	None	6	None
22641	None	6	None
22663	None	6	None
22759	None	6	None
22764	None	6	None
22840	None	6	None
22846	None	6	None
22948	None	6	None
22949	None	6	None
22950	None	6	None
22953	None	6	None
23020	None	6	None
23025	None	6	None
23031	None	6	None
23032	None	6	None
23103	None	6	None
23108	None	6	None
23204	None	6	None
23207	None	6	None
23208	None	6	None
23210	None	6	None
23211	None	6	None
87646	None	6	None
604	coreaudiod	5	/usr/sbin/coreaudiod
15985	None	5	None
16364	None	5	None
21958	None	5	None
38653	None	5	None
15138	None	4	None
21764	None	4	None
21789	None	4	None
21792	None	4	None
21807	None	4	None
22275	None	4	None
22377	None	4	None
22463	None	4	None
22473	None	4	None
22517	None	4	None
22531	None	4	None
22592	None	4	None
22633	None	4	None
22665	None	4	None
2199	None	3	None
12010	None	3	None
16348	None	3	None
17644	None	3	None
21392	None	3	None
21754	None	3	None
21755	None	3	None
21763	None	3	None
21765	None	3	None
21766	None	3	None
21767	None	3	None
21768	None	3	None
21769	None	3	None
21770	None	3	None
21771	None	3	None
21772	None	3	None
21773	None	3	None
21774	None	3	None
21775	None	3	None
21778	None	3	None
21779	None	3	None
21780	None	3	None
21781	None	3	None
21782	None	3	None
21784	None	3	None
21785	None	3	None
21786	None	3	None
21787	None	3	None
21788	None	3	None
21791	None	3	None
21793	None	3	None
21863	None	3	None
21864	None	3	None
21866	None	3	None
21867	None	3	None
21868	None	3	None
21869	None	3	None
21871	None	3	None
21872	None	3	None
21935	None	3	None
21936	None	3	None
21938	None	3	None
21940	None	3	None
21941	None	3	None
22044	None	3	None
22046	None	3	None
22047	None	3	None
22048	None	3	None
22049	None	3	None
22050	None	3	None
22117	None	3	None
22119	None	3	None
22120	None	3	None
22121	None	3	None
22122	None	3	None
22123	None	3	None
22145	None	3	None
22146	None	3	None
22147	None	3	None
22148	None	3	None
22149	None	3	None
22150	None	3	None
22151	None	3	None
22152	None	3	None
22153	None	3	None
22154	None	3	None
22155	None	3	None
22160	None	3	None
22161	None	3	None
22162	None	3	None
22163	None	3	None
22164	None	3	None
22165	None	3	None
22169	None	3	None
22170	None	3	None
22171	None	3	None
22191	None	3	None
22192	None	3	None
22193	None	3	None
22210	None	3	None
22211	None	3	None
22223	None	3	None
22224	None	3	None
22270	None	3	None
22271	None	3	None
22273	None	3	None
22274	None	3	None
22276	None	3	None
22279	None	3	None
22280	None	3	None
22281	None	3	None
22282	None	3	None
22283	None	3	None
22284	None	3	None
22285	None	3	None
22286	None	3	None
22287	None	3	None
22288	None	3	None
22289	None	3	None
22290	None	3	None
22291	None	3	None
22292	None	3	None
22293	None	3	None
22294	None	3	None
22296	None	3	None
22297	None	3	None
22299	None	3	None
22362	None	3	None
22364	None	3	None
22365	None	3	None
22366	None	3	None
22367	None	3	None
22370	None	3	None
22371	None	3	None
22372	None	3	None
22373	None	3	None
22374	None	3	None
22376	None	3	None
22441	None	3	None
22444	None	3	None
22445	None	3	None
22446	None	3	None
22447	None	3	None
22448	None	3	None
22453	None	3	None
22454	None	3	None
22455	None	3	None
22456	None	3	None
22457	None	3	None
22458	None	3	None
22459	None	3	None
22460	None	3	None
22462	None	3	None
22464	None	3	None
22465	None	3	None
22466	None	3	None
22467	None	3	None
22468	None	3	None
22469	None	3	None
22470	None	3	None
22472	None	3	None
22476	None	3	None
22477	None	3	None
22497	None	3	None
22498	None	3	None
22500	None	3	None
22501	None	3	None
22502	None	3	None
22503	None	3	None
22504	None	3	None
22505	None	3	None
22506	None	3	None
22507	None	3	None
22512	None	3	None
22515	None	3	None
22516	None	3	None
22518	None	3	None
22519	None	3	None
22520	None	3	None
22521	None	3	None
22522	None	3	None
22523	None	3	None
22528	None	3	None
22536	None	3	None
22537	None	3	None
22567	None	3	None
22632	None	3	None
22634	None	3	None
22636	None	3	None
22637	None	3	None
22642	None	3	None
22643	None	3	None
22644	None	3	None
22645	None	3	None
22646	None	3	None
22647	None	3	None
22648	None	3	None
22649	None	3	None
22650	None	3	None
22651	None	3	None
22652	None	3	None
22653	None	3	None
22654	None	3	None
22658	None	3	None
22659	None	3	None
22661	None	3	None
22662	None	3	None
22664	None	3	None
22666	None	3	None
22689	None	3	None
22690	None	3	None
22757	None	3	None
22758	None	3	None
22760	None	3	None
22761	None	3	None
22762	None	3	None
22763	None	3	None
22839	None	3	None
22841	None	3	None
22842	None	3	None
22843	None	3	None
22844	None	3	None
22845	None	3	None
22900	None	3	None
22946	None	3	None
22947	None	3	None
22951	None	3	None
22952	None	3	None
23018	None	3	None
23019	None	3	None
23021	None	3	None
23022	None	3	None
23023	None	3	None
23024	None	3	None
23030	None	3	None
23076	None	3	None
23077	None	3	None
23079	None	3	None
23080	None	3	None
23085	None	3	None
23086	None	3	None
23101	None	3	None
23102	None	3	None
23104	None	3	None
23105	None	3	None
23106	None	3	None
23107	None	3	None
23109	None	3	None
23110	None	3	None
23111	None	3	None
23112	None	3	None
23113	None	3	None
23114	None	3	None
23115	None	3	None
23116	None	3	None
23117	None	3	None
23118	None	3	None
23119	None	3	None
23120	None	3	None
23122	None	3	None
23123	None	3	None
23124	None	3	None
23126	None	3	None
23127	None	3	None
23128	None	3	None
23148	None	3	None
23154	None	3	None
23155	None	3	None
23205	None	3	None
23206	None	3	None
23209	None	3	None
23229	None	3	None
33505	None	3	None
545	thermalmonitord	2	/usr/libexec/thermalmonitord
547	apsd	2	/System/Library/PrivateFrameworks/ApplePushService.framework/apsd
549	timed	2	/usr/libexec/timed
556	dasd	2	/usr/libexec/dasd
703	com.apple.CodeSigningHelper	2	/System/Library/Frameworks/Security.framework/Versions/A/XPCServices/com.apple.CodeSigningHelper.xpc/Contents/MacOS/com.apple.CodeSigningHelper
1175	containermanagerd	2	/usr/libexec/containermanagerd
2044	None	2	None
2119	None	2	None
4068	None	2	None
5843	None	2	None
8422	None	2	None
11482	None	2	None
11541	None	2	None
16340	None	2	None
19308	None	2	None
19478	None	2	None
21711	None	2	None
21794	None	2	None
21795	None	2	None
21796	None	2	None
21805	None	2	None
21817	None	2	None
21839	None	2	None
21846	None	2	None
21853	None	2	None
21877	None	2	None
21911	None	2	None
21918	None	2	None
21925	None	2	None
21948	None	2	None
21951	None	2	None
21976	None	2	None
22020	None	2	None
22027	None	2	None
22034	None	2	None
22056	None	2	None
22068	None	2	None
22093	None	2	None
22100	None	2	None
22107	None	2	None
22176	None	2	None
22214	None	2	None
22246	None	2	None
22253	None	2	None
22260	None	2	None
22278	None	2	None
22304	None	2	None
22338	None	2	None
22345	None	2	None
22352	None	2	None
22533	None	2	None
22534	None	2	None
22542	None	2	None
22699	None	2	None
22733	None	2	None
22740	None	2	None
22747	None	2	None
22780	None	2	None
22792	None	2	None
22814	None	2	None
22821	None	2	None
22828	None	2	None
22888	None	2	None
22922	None	2	None
22929	None	2	None
22936	None	2	None
22959	None	2	None
22993	None	2	None
23000	None	2	None
23008	None	2	None
23037	None	2	None
23071	None	2	None
23082	None	2	None
23091	None	2	None
23136	None	2	None
23178	None	2	None
23186	None	2	None
23194	None	2	None
23268	None	2	None
88027	None	2	None
95057	None	2	None
511	mediaremoted	1	/System/Library/PrivateFrameworks/MediaRemote.framework/Support/mediaremoted
611	socketfilterfw	1	/usr/libexec/ApplicationFirewall/socketfilterfw
653	authd	1	/System/Library/Frameworks/Security.framework/Versions/A/XPCServices/authd.xpc/Contents/MacOS/authd
1190	familycircled	1	/System/Library/PrivateFrameworks/FamilyCircle.framework/Versions/A/Resources/familycircled
1284	None	1	None
1557	None	1	None
1993	None	1	None
2217	None	1	None
2221	None	1	None
3676	None	1	None
8399	None	1	None
9183	None	1	None
15997	None	1	None
16001	None	1	None
16016	None	1	None
16070	None	1	None
16110	None	1	None
19214	None	1	None
19218	None	1	None
19302	None	1	None
21753	None	1	None
21799	None	1	None
21803	None	1	None
21814	None	1	None
21816	None	1	None
21824	None	1	None
21827	None	1	None
21832	None	1	None
21835	None	1	None
21836	None	1	None
21945	None	1	None
21952	None	1	None
21968	None	1	None
22217	None	1	None
22496	None	1	None
22529	None	1	None
22545	None	1	None
22570	None	1	None
22590	None	1	None
23228	None	1	None
88477	None	1	None
