16304	None	17989	None
5623	None	2438	None
19216	None	2346	None
1258	None	2235	None
14724	None	1750	None
820	IDriveDaemon	1527	/Library/Application Support/IDriveforMac/IDriveHelperTools/IDriveDaemon.app/Contents/MacOS/IDriveDaemon
16352	None	1090	None
7144	None	803	None
8829	None	719	None
21229	None	589	None
5431	None	504	None
13785	None	502	None
1	launchd	473	/sbin/launchd
1151	exchangesyncd	447	/System/Library/PrivateFrameworks/ExchangeSync.framework/Versions/A/exchangesyncd
2234	None	342	None
81251	None	326	None
938	mdbulkimport	253	/System/Library/Frameworks/CoreServices.framework/Versions/A/Frameworks/Metadata.framework/Versions/A/Support/mdbulkimport
1370	None	224	None
1282	None	212	None
11708	None	212	None
19433	None	186	None
14750	None	168	None
88072	None	153	None
38844	None	145	None
19298	None	116	None
98962	None	116	None
8409	None	115	None
11466	None	113	None
66184	None	112	None
2239	None	102	None
816	cfbackd	90	/Library/Application Support/CleverFiles/BackService.app/Contents/MacOS/cfbackd
8423	None	80	None
12106	None	73	None
818	karabiner_grabber	71	/Library/Application Support/org.pqrs/Karabiner-Elements/bin/karabiner_grabber
71316	None	67	None
1152	accountsd	65	/System/Library/Frameworks/Accounts.framework/Versions/A/Support/accountsd
11498	None	64	None
1312	None	62	None
585	runningboardd	61	/usr/libexec/runningboardd
806	locationd	52	/usr/libexec/locationd
13589	None	49	None
38830	None	48	None
88128	None	48	None
12766	None	47	None
1546	None	46	None
84152	None	46	None
13769	None	44	None
19638	None	42	None
88183	None	42	None
2243	None	38	None
71327	None	37	None
1145	pboard	31	/usr/libexec/pboard
7145	None	31	None
16355	None	30	None
38853	None	30	None
2302	None	28	None
83935	None	28	None
2211	None	26	None
594	analyticsd	25	/System/Library/PrivateFrameworks/CoreAnalytics.framework/Support/analyticsd
577	tccd	24	/System/Library/PrivateFrameworks/TCC.framework/Support/tccd
87644	None	24	None
21889	None	23	None
2237	None	21	None
16326	None	21	None
930	lsd	20	/usr/libexec/lsd
2223	None	19	None
41168	None	19	None
16219	None	18	None
21228	None	18	None
4210	None	17	None
17642	None	17	None
88059	None	17	None
16345	None	16	None
546	opendirectoryd	15	/usr/libexec/opendirectoryd
1149	nsurlsessiond	15	/usr/libexec/nsurlsessiond
1164	identityservicesd	15	/System/Library/PrivateFrameworks/IDS.framework/identityservicesd.app/Contents/MacOS/identityservicesd
19212	None	15	None
20712	None	13	None
21957	None	13	None
5846	None	12	None
13098	None	12	None
88070	None	12	None
21225	None	11	None
1177	sharingd	10	/usr/libexec/sharingd
89890	None	10	None
99739	None	10	None
990	oahd	9	/usr/libexec/rosetta/oahd
11465	None	9	None
20152	None	9	None
21944	None	9	None
1184	sharedfilelistd	8	/System/Library/CoreServices/sharedfilelistd
11499	None	8	None
13359	None	8	None
20713	None	8	None
21237	None	8	None
21947	None	8	None
1211	ContinuityCaptureAgent	7	/usr/libexec/ContinuityCaptureAgent
2228	None	7	None
21865	None	7	None
21870	None	7	None
38854	None	7	None
80613	None	7	None
550	usbmuxd	6	/Library/Apple/System/Library/PrivateFrameworks/MobileDevice.framework/Versions/A/Resources/usbmuxd
2045	None	6	None
2214	None	6	None
11493	None	6	None
16025	None	6	None
21217	None	6	None
21289	None	6	None
21405	None	6	None
21406	None	6	None
21407	None	6	None
21408	None	6	None
21411	None	6	None
21412	None	6	None
21426	None	6	None
21428	None	6	None
21429	None	6	None
21432	None	6	None
21519	None	6	None
21536	None	6	None
21541	None	6	None
21545	None	6	None
21549	None	6	None
21609	None	6	None
21610	None	6	None
21611	None	6	None
21612	None	6	None
21615	None	6	None
21616	None	6	None
21617	None	6	None
21618	None	6	None
21625	None	6	None
21628	None	6	None
21629	None	6	None
21669	None	6	None
21670	None	6	None
21675	None	6	None
21676	None	6	None
21677	None	6	None
21678	None	6	None
21680	None	6	None
21682	None	6	None
21683	None	6	None
21684	None	6	None
21686	None	6	None
21687	None	6	None
21689	None	6	None
21690	None	6	None
21692	None	6	None
21693	None	6	None
21695	None	6	None
21696	None	6	None
21699	None	6	None
21737	None	6	None
21746	None	6	None
21749	None	6	None
21776	None	6	None
21777	None	6	None
21783	None	6	None
21800	None	6	None
21937	None	6	None
21939	None	6	None
21942	None	6	None
87646	None	6	None
604	coreaudiod	5	/usr/sbin/coreaudiod
15985	None	5	None
16364	None	5	None
19439	None	5	None
21230	None	5	None
21664	None	5	None
21665	None	5	None
21958	None	5	None
38653	None	5	None
605	airportd	4	/usr/libexec/airportd
11494	None	4	None
15138	None	4	None
21234	None	4	None
21239	None	4	None
21248	None	4	None
21425	None	4	None
21535	None	4	None
21631	None	4	None
21745	None	4	None
21764	None	4	None
21789	None	4	None
21792	None	4	None
21807	None	4	None
2199	None	3	None
12010	None	3	None
16348	None	3	None
17644	None	3	None
21189	None	3	None
21190	None	3	None
21221	None	3	None
21222	None	3	None
21224	None	3	None
21252	None	3	None
21253	None	3	None
21254	None	3	None
21255	None	3	None
21256	None	3	None
21257	None	3	None
21258	None	3	None
21259	None	3	None
21260	None	3	None
21261	None	3	None
21262	None	3	None
21263	None	3	None
21264	None	3	None
21265	None	3	None
21266	None	3	None
21267	None	3	None
21268	None	3	None
21269	None	3	None
21270	None	3	None
21271	None	3	None
21272	None	3	None
21273	None	3	None
21274	None	3	None
21275	None	3	None
21276	None	3	None
21277	None	3	None
21278	None	3	None
21281	None	3	None
21282	None	3	None
21288	None	3	None
21307	None	3	None
21392	None	3	None
21400	None	3	None
21401	None	3	None
21402	None	3	None
21403	None	3	None
21404	None	3	None
21409	None	3	None
21410	None	3	None
21413	None	3	None
21414	None	3	None
21415	None	3	None
21416	None	3	None
21417	None	3	None
21421	None	3	None
21422	None	3	None
21423	None	3	None
21424	None	3	None
21427	None	3	None
21431	None	3	None
21454	None	3	None
21455	None	3	None
21506	None	3	None
21507	None	3	None
21508	None	3	None
21514	None	3	None
21515	None	3	None
21516	None	3	None
21517	None	3	None
21518	None	3	None
21520	None	3	None
21521	None	3	None
21522	None	3	None
21524	None	3	None
21525	None	3	None
21527	None	3	None
21528	None	3	None
21529	None	3	None
21530	None	3	None
21534	None	3	None
21540	None	3	None
21542	None	3	None
21543	None	3	None
21544	None	3	None
21548	None	3	None
21588	None	3	None
21589	None	3	None
21604	None	3	None
21605	None	3	None
21606	None	3	None
21607	None	3	None
21608	None	3	None
21613	None	3	None
21614	None	3	None
21619	None	3	None
21620	None	3	None
21621	None	3	None
21623	None	3	None
21624	None	3	None
21627	None	3	None
21630	None	3	None
21632	None	3	None
21635	None	3	None
21636	None	3	None
21642	None	3	None
21643	None	3	None
21668	None	3	None
21671	None	3	None
21673	None	3	None
21674	None	3	None
21679	None	3	None
21681	None	3	None
21685	None	3	None
21688	None	3	None
21691	None	3	None
21694	None	3	None
21698	None	3	None
21709	None	3	None
21710	None	3	None
21720	None	3	None
21721	None	3	None
21722	None	3	None
21726	None	3	None
21727	None	3	None
21728	None	3	None
21729	None	3	None
21730	None	3	None
21731	None	3	None
21732	None	3	None
21733	None	3	None
21734	None	3	None
21735	None	3	None
21736	None	3	None
21738	None	3	None
21739	None	3	None
21740	None	3	None
21741	None	3	None
21742	None	3	None
21743	None	3	None
21744	None	3	None
21747	None	3	None
21748	None	3	None
21750	None	3	None
21751	None	3	None
21754	None	3	None
21755	None	3	None
21763	None	3	None
21765	None	3	None
21766	None	3	None
21767	None	3	None
21768	None	3	None
21769	None	3	None
21770	None	3	None
21771	None	3	None
21772	None	3	None
21773	None	3	None
21774	None	3	None
21775	None	3	None
21778	None	3	None
21779	None	3	None
21780	None	3	None
21781	None	3	None
21782	None	3	None
21784	None	3	None
21785	None	3	None
21786	None	3	None
21787	None	3	None
21788	None	3	None
21791	None	3	None
21793	None	3	None
21863	None	3	None
21864	None	3	None
21866	None	3	None
21867	None	3	None
21868	None	3	None
21869	None	3	None
21871	None	3	None
21872	None	3	None
21935	None	3	None
21936	None	3	None
21938	None	3	None
21940	None	3	None
21941	None	3	None
547	apsd	2	/System/Library/PrivateFrameworks/ApplePushService.framework/apsd
549	timed	2	/usr/libexec/timed
556	dasd	2	/usr/libexec/dasd
1175	containermanagerd	2	/usr/libexec/containermanagerd
2044	None	2	None
2119	None	2	None
5843	None	2	None
8401	None	2	None
9166	None	2	None
11541	None	2	None
19308	None	2	None
19478	None	2	None
21205	None	2	None
21220	None	2	None
21223	None	2	None
21232	None	2	None
21233	None	2	None
21238	None	2	None
21297	None	2	None
21591	None	2	None
21711	None	2	None
21713	None	2	None
21717	None	2	None
21794	None	2	None
21795	None	2	None
21796	None	2	None
21805	None	2	None
21817	None	2	None
21839	None	2	None
21846	None	2	None
21853	None	2	None
21877	None	2	None
21911	None	2	None
21918	None	2	None
21925	None	2	None
21948	None	2	None
21951	None	2	None
21976	None	2	None
33505	None	2	None
88027	None	2	None
95057	None	2	None
511	mediaremoted	1	/System/Library/PrivateFrameworks/MediaRemote.framework/Support/mediaremoted
611	socketfilterfw	1	/usr/libexec/ApplicationFirewall/socketfilterfw
653	authd	1	/System/Library/Frameworks/Security.framework/Versions/A/XPCServices/authd.xpc/Contents/MacOS/authd
703	com.apple.CodeSigningHelper	1	/System/Library/Frameworks/Security.framework/Versions/A/XPCServices/com.apple.CodeSigningHelper.xpc/Contents/MacOS/com.apple.CodeSigningHelper
1284	None	1	None
1557	None	1	None
1993	None	1	None
2217	None	1	None
2221	None	1	None
3676	None	1	None
4068	None	1	None
8399	None	1	None
8422	None	1	None
11482	None	1	None
12459	None	1	None
16001	None	1	None
19214	None	1	None
19218	None	1	None
19302	None	1	None
21191	None	1	None
21296	None	1	None
21329	None	1	None
21660	None	1	None
21661	None	1	None
21662	None	1	None
21753	None	1	None
21799	None	1	None
21803	None	1	None
21814	None	1	None
21816	None	1	None
21824	None	1	None
21827	None	1	None
21832	None	1	None
21835	None	1	None
21836	None	1	None
21945	None	1	None
21952	None	1	None
21968	None	1	None
88477	None	1	None
