16304	None	88638	None
1258	None	31173	None
5623	None	6447	None
16352	None	6203	None
14724	None	4772	None
5431	None	2852	None
7144	None	2516	None
1	launchd	2059	/sbin/launchd
8829	None	1715	None
820	IDriveDaemon	1571	/Library/Application Support/IDriveforMac/IDriveHelperTools/IDriveDaemon.app/Contents/MacOS/IDriveDaemon
13785	None	1406	None
1151	exchangesyncd	1348	/System/Library/PrivateFrameworks/ExchangeSync.framework/Versions/A/exchangesyncd
2234	None	1303	None
27403	None	1201	None
71316	None	1169	None
41168	None	981	None
1282	None	880	None
938	mdbulkimport	848	/System/Library/Frameworks/CoreServices.framework/Versions/A/Frameworks/Metadata.framework/Versions/A/Support/mdbulkimport
16348	None	785	None
88072	None	622	None
11708	None	545	None
80613	None	536	None
2239	None	426	None
98962	None	414	None
38844	None	393	None
1370	None	358	None
26746	None	347	None
81251	None	326	None
66184	None	301	None
8423	None	293	None
14750	None	287	None
27463	None	280	None
27412	None	248	None
12106	None	232	None
806	locationd	228	/usr/libexec/locationd
26134	None	222	None
818	karabiner_grabber	214	/Library/Application Support/org.pqrs/Karabiner-Elements/bin/karabiner_grabber
1546	None	195	None
16355	None	195	None
1152	accountsd	194	/System/Library/Frameworks/Accounts.framework/Versions/A/Support/accountsd
939	mdbulkimport	171	/System/Library/Frameworks/CoreServices.framework/Versions/A/Frameworks/Metadata.framework/Versions/A/Support/mdbulkimport
38830	None	164	None
88128	None	164	None
26486	None	161	None
38853	None	151	None
88183	None	150	None
13589	None	145	None
577	tccd	141	/System/Library/PrivateFrameworks/TCC.framework/Support/tccd
26206	None	124	None
2243	None	120	None
1557	None	112	None
990	oahd	105	/usr/libexec/rosetta/oahd
1312	None	105	None
88059	None	101	None
2043	None	97	None
26467	None	91	None
816	cfbackd	90	/Library/Application Support/CleverFiles/BackService.app/Contents/MacOS/cfbackd
585	runningboardd	83	/usr/libexec/runningboardd
594	analyticsd	81	/System/Library/PrivateFrameworks/CoreAnalytics.framework/Support/analyticsd
87644	None	78	None
27333	None	77	None
7145	None	76	None
4210	None	75	None
84152	None	68	None
16345	None	67	None
27104	None	67	None
2211	None	66	None
16326	None	63	None
26740	None	61	None
26747	None	57	None
71327	None	57	None
83935	None	56	None
99739	None	55	None
1145	pboard	53	/usr/libexec/pboard
26468	None	52	None
26207	None	51	None
2223	None	50	None
1164	identityservicesd	49	/System/Library/PrivateFrameworks/IDS.framework/identityservicesd.app/Contents/MacOS/identityservicesd
546	opendirectoryd	47	/usr/libexec/opendirectoryd
4068	None	47	None
12766	None	47	None
1149	nsurlsessiond	45	/usr/libexec/nsurlsessiond
2237	None	42	None
2302	None	42	None
930	lsd	41	/usr/libexec/lsd
88070	None	40	None
26211	None	37	None
1177	sharingd	34	/usr/libexec/sharingd
23861	None	34	None
24581	None	32	None
26458	None	32	None
27588	None	31	None
89890	None	31	None
27474	None	30	None
26461	None	29	None
86267	None	29	None
87646	None	29	None
604	coreaudiod	28	/usr/sbin/coreaudiod
26258	None	27	None
23874	None	26	None
1211	ContinuityCaptureAgent	23	/usr/libexec/ContinuityCaptureAgent
26132	None	23	None
27461	None	23	None
2045	None	22	None
16346	None	22	None
26169	None	22	None
26270	None	22	None
76282	None	22	None
1975	None	21	None
23784	None	21	None
38653	None	21	None
3676	None	20	None
23955	None	19	None
27396	None	19	None
38854	None	18	None
605	airportd	17	/usr/libexec/airportd
26275	None	17	None
1175	containermanagerd	16	/usr/libexec/containermanagerd
1184	sharedfilelistd	16	/System/Library/CoreServices/sharedfilelistd
26202	None	14	None
1339	None	13	None
2199	None	13	None
26100	None	13	None
26463	None	13	None
26138	None	12	None
26217	None	12	None
26271	None	12	None
26462	None	12	None
27184	None	12	None
27972	None	12	None
27982	None	12	None
26506	None	11	None
26875	None	11	None
27506	None	11	None
26259	None	10	None
27401	None	10	None
28291	None	10	None
28369	None	10	None
88027	None	10	None
547	apsd	9	/System/Library/PrivateFrameworks/ApplePushService.framework/apsd
2214	None	9	None
8422	None	9	None
11540	None	9	None
23866	None	9	None
23906	None	9	None
23954	None	9	None
26102	None	9	None
26223	None	9	None
26272	None	9	None
27254	None	9	None
550	usbmuxd	8	/Library/Apple/System/Library/PrivateFrameworks/MobileDevice.framework/Versions/A/Resources/usbmuxd
575	WindowServer	8	/System/Library/PrivateFrameworks/SkyLight.framework/Versions/A/Resources/WindowServer
26221	None	8	None
26465	None	8	None
27087	None	8	None
556	dasd	7	/usr/libexec/dasd
2228	None	7	None
26276	None	7	None
26459	None	7	None
26510	None	7	None
27470	None	7	None
27471	None	7	None
28364	None	7	None
28370	None	7	None
549	timed	6	/usr/libexec/timed
2247	None	6	None
11541	None	6	None
23747	None	6	None
24928	None	6	None
27808	None	6	None
27809	None	6	None
27810	None	6	None
27811	None	6	None
27823	None	6	None
27830	None	6	None
27907	None	6	None
27908	None	6	None
27920	None	6	None
27921	None	6	None
27923	None	6	None
27924	None	6	None
27926	None	6	None
27927	None	6	None
27930	None	6	None
27931	None	6	None
27932	None	6	None
27933	None	6	None
27949	None	6	None
27953	None	6	None
27954	None	6	None
27955	None	6	None
27956	None	6	None
27959	None	6	None
27961	None	6	None
27992	None	6	None
27993	None	6	None
27994	None	6	None
27996	None	6	None
28008	None	6	None
28009	None	6	None
28036	None	6	None
28042	None	6	None
28044	None	6	None
28211	None	6	None
28217	None	6	None
28259	None	6	None
28276	None	6	None
28280	None	6	None
28281	None	6	None
28282	None	6	None
28283	None	6	None
28435	None	6	None
28438	None	6	None
28439	None	6	None
28440	None	6	None
28510	None	6	None
28513	None	6	None
28515	None	6	None
28516	None	6	None
28517	None	6	None
28528	None	6	None
28529	None	6	None
28533	None	6	None
28536	None	6	None
28539	None	6	None
28540	None	6	None
28546	None	6	None
1284	None	5	None
2233	None	5	None
22473	None	5	None
23909	None	5	None
27183	None	5	None
27367	None	5	None
27462	None	5	None
27512	None	5	None
545	thermalmonitord	4	/usr/libexec/thermalmonitord
1153	usernoted	4	/usr/sbin/usernoted
2044	None	4	None
2217	None	4	None
2221	None	4	None
24700	None	4	None
26212	None	4	None
26466	None	4	None
26745	None	4	None
26974	None	4	None
27113	None	4	None
27466	None	4	None
27587	None	4	None
27800	None	4	None
27805	None	4	None
27911	None	4	None
27916	None	4	None
27946	None	4	None
27958	None	4	None
27964	None	4	None
27987	None	4	None
28016	None	4	None
28018	None	4	None
28029	None	4	None
28033	None	4	None
28262	None	4	None
28366	None	4	None
28436	None	4	None
28524	None	4	None
33505	None	4	None
80310	None	4	None
88680	None	4	None
95057	None	4	None
679	symptomsd	3	/usr/libexec/symptomsd
1190	familycircled	3	/System/Library/PrivateFrameworks/FamilyCircle.framework/Versions/A/Resources/familycircled
23896	None	3	None
25852	None	3	None
26273	None	3	None
26274	None	3	None
26460	None	3	None
26470	None	3	None
26471	None	3	None
26552	None	3	None
26744	None	3	None
26914	None	3	None
26931	None	3	None
26977	None	3	None
27185	None	3	None
27460	None	3	None
27518	None	3	None
27626	None	3	None
27668	None	3	None
27669	None	3	None
27670	None	3	None
27671	None	3	None
27672	None	3	None
27799	None	3	None
27801	None	3	None
27803	None	3	None
27804	None	3	None
27806	None	3	None
27807	None	3	None
27822	None	3	None
27824	None	3	None
27826	None	3	None
27827	None	3	None
27828	None	3	None
27829	None	3	None
27831	None	3	None
27832	None	3	None
27833	None	3	None
27834	None	3	None
27835	None	3	None
27836	None	3	None
27837	None	3	None
27850	None	3	None
27851	None	3	None
27852	None	3	None
27853	None	3	None
27906	None	3	None
27909	None	3	None
27910	None	3	None
27912	None	3	None
27913	None	3	None
27914	None	3	None
27915	None	3	None
27917	None	3	None
27919	None	3	None
27922	None	3	None
27925	None	3	None
27928	None	3	None
27929	None	3	None
27937	None	3	None
27938	None	3	None
27939	None	3	None
27940	None	3	None
27945	None	3	None
27947	None	3	None
27948	None	3	None
27950	None	3	None
27951	None	3	None
27952	None	3	None
27957	None	3	None
27960	None	3	None
27962	None	3	None
27963	None	3	None
27965	None	3	None
27966	None	3	None
27967	None	3	None
27968	None	3	None
27969	None	3	None
27970	None	3	None
27971	None	3	None
27976	None	3	None
27977	None	3	None
27978	None	3	None
27979	None	3	None
27983	None	3	None
27984	None	3	None
27985	None	3	None
27986	None	3	None
27988	None	3	None
27989	None	3	None
27990	None	3	None
27991	None	3	None
27995	None	3	None
27997	None	3	None
27998	None	3	None
27999	None	3	None
28000	None	3	None
28001	None	3	None
28002	None	3	None
28003	None	3	None
28004	None	3	None
28005	None	3	None
28006	None	3	None
28007	None	3	None
28015	None	3	None
28017	None	3	None
28028	None	3	None
28030	None	3	None
28031	None	3	None
28032	None	3	None
28034	None	3	None
28035	None	3	None
28037	None	3	None
28038	None	3	None
28039	None	3	None
28040	None	3	None
28041	None	3	None
28043	None	3	None
28045	None	3	None
28046	None	3	None
28047	None	3	None
28048	None	3	None
28049	None	3	None
28050	None	3	None
28051	None	3	None
28052	None	3	None
28053	None	3	None
28054	None	3	None
28082	None	3	None
28087	None	3	None
28088	None	3	None
28089	None	3	None
28090	None	3	None
28198	None	3	None
28199	None	3	None
28200	None	3	None
28201	None	3	None
28202	None	3	None
28203	None	3	None
28208	None	3	None
28209	None	3	None
28210	None	3	None
28212	None	3	None
28213	None	3	None
28215	None	3	None
28216	None	3	None
28218	None	3	None
28219	None	3	None
28220	None	3	None
28221	None	3	None
28222	None	3	None
28223	None	3	None
28224	None	3	None
28225	None	3	None
28226	None	3	None
28227	None	3	None
28228	None	3	None
28229	None	3	None
28235	None	3	None
28236	None	3	None
28237	None	3	None
28238	None	3	None
28255	None	3	None
28256	None	3	None
28257	None	3	None
28258	None	3	None
28260	None	3	None
28261	None	3	None
28263	None	3	None
28264	None	3	None
28265	None	3	None
28266	None	3	None
28268	None	3	None
28269	None	3	None
28270	None	3	None
28271	None	3	None
28272	None	3	None
28273	None	3	None
28274	None	3	None
28275	None	3	None
28278	None	3	None
28279	None	3	None
28294	None	3	None
28295	None	3	None
28296	None	3	None
28297	None	3	None
28363	None	3	None
28365	None	3	None
28367	None	3	None
28368	None	3	None
28433	None	3	None
28434	None	3	None
28437	None	3	None
28511	None	3	None
28512	None	3	None
28514	None	3	None
28522	None	3	None
28523	None	3	None
28527	None	3	None
28531	None	3	None
28532	None	3	None
28534	None	3	None
28535	None	3	None
28538	None	3	None
28541	None	3	None
28542	None	3	None
28543	None	3	None
28544	None	3	None
28545	None	3	None
28547	None	3	None
28548	None	3	None
28549	None	3	None
28550	None	3	None
28551	None	3	None
28552	None	3	None
88060	None	3	None
511	mediaremoted	2	/System/Library/PrivateFrameworks/MediaRemote.framework/Support/mediaremoted
551	securityd	2	/usr/sbin/securityd
573	com.apple.cmio.registerassistan	2	/System/Library/Frameworks/CoreMediaIO.framework/Versions/A/Resources/com.apple.cmio.registerassistantservice
703	com.apple.CodeSigningHelper	2	/System/Library/Frameworks/Security.framework/Versions/A/XPCServices/com.apple.CodeSigningHelper.xpc/Contents/MacOS/com.apple.CodeSigningHelper
889	SubmitDiagInfo	2	/System/Library/CoreServices/SubmitDiagInfo
1167	homed	2	/System/Library/PrivateFrameworks/HomeKitDaemon.framework/Support/homed
2119	None	2	None
11608	None	2	None
23905	None	2	None
25005	None	2	None
26133	None	2	None
26203	None	2	None
26228	None	2	None
26310	None	2	None
26448	None	2	None
26515	None	2	None
26741	None	2	None
26751	None	2	None
27365	None	2	None
27445	None	2	None
27484	None	2	None
27504	None	2	None
27649	None	2	None
28010	None	2	None
28081	None	2	None
28305	None	2	None
28317	None	2	None
28339	None	2	None
28346	None	2	None
28353	None	2	None
28376	None	2	None
28409	None	2	None
28416	None	2	None
28423	None	2	None
28452	None	2	None
28486	None	2	None
28493	None	2	None
28500	None	2	None
28572	None	2	None
88213	None	2	None
88477	None	2	None
611	socketfilterfw	1	/usr/libexec/ApplicationFirewall/socketfilterfw
653	authd	1	/System/Library/Frameworks/Security.framework/Versions/A/XPCServices/authd.xpc/Contents/MacOS/authd
1131	gamecontrollerd	1	/usr/libexec/gamecontrollerd
1993	None	1	None
8399	None	1	None
23729	None	1	None
23860	None	1	None
23868	None	1	None
23969	None	1	None
26304	None	1	None
26830	None	1	None
26843	None	1	None
26923	None	1	None
26975	None	1	None
27025	None	1	None
27298	None	1	None
27387	None	1	None
27476	None	1	None
27507	None	1	None
27636	None	1	None
27650	None	1	None
27688	None	1	None
27697	None	1	None
27706	None	1	None
27716	None	1	None
27788	None	1	None
27790	None	1	None
27791	None	1	None
27841	None	1	None
27848	None	1	None
27943	None	1	None
28253	None	1	None
28303	None	1	None
28307	None	1	None
28314	None	1	None
28316	None	1	None
28324	None	1	None
28327	None	1	None
28332	None	1	None
28335	None	1	None
28336	None	1	None
