5378	None	73229	None
1472	None	16722	None
2428	None	8676	None
1	launchd	7656	/sbin/launchd
5387	None	6997	None
955	lsd	5391	/usr/libexec/lsd
4977	None	4862	None
2215	None	4139	None
1337	lsd	4070	/usr/libexec/lsd
630	mobileassetd	3804	/usr/libexec/mobileassetd
1499	None	3622	None
1346	xpcproxy	3571	/usr/libexec/xpcproxy
548	iconservicesd	3456	/System/Library/CoreServices/iconservicesd
4966	None	3231	None
1194	BiomeAgent	3209	/System/Library/PrivateFrameworks/BiomeStreams.framework/Support/BiomeAgent
2255	None	2770	None
4971	None	2371	None
1226	exchangesyncd	2270	/System/Library/PrivateFrameworks/ExchangeSync.framework/Versions/A/exchangesyncd
1433	None	2116	None
714	storagekitd	1902	/usr/libexec/storagekitd
2638	None	1651	None
2177	None	1546	None
2504	None	1493	None
2449	None	1433	None
10836	None	1384	None
1369	chronod	1335	/System/Library/PrivateFrameworks/ChronoCore.framework/Support/chronod
5001	None	992	None
996	oahd	957	/usr/libexec/rosetta/oahd
1470	None	957	None
975	mdbulkimport	819	/System/Library/Frameworks/CoreServices.framework/Versions/A/Frameworks/Metadata.framework/Versions/A/Support/mdbulkimport
853	IDSyncDaemon	778	/Library/Application Support/IDriveforMac/IDriveHelperTools/IDSyncDaemon.app/Contents/MacOS/IDSyncDaemon
2459	None	757	None
10728	None	743	None
2327	None	720	None
4964	None	657	None
2266	None	594	None
2453	None	583	None
1215	containermanagerd	557	/usr/libexec/containermanagerd
566	locationd	538	/usr/libexec/locationd
4970	None	528	None
2080	None	490	None
1265	com.apple.geod	473	/System/Library/PrivateFrameworks/GeoServices.framework/Versions/A/XPCServices/com.apple.geod.xpc/Contents/MacOS/com.apple.geod
559	opendirectoryd	453	/usr/libexec/opendirectoryd
621	nehelper	453	/usr/libexec/nehelper
1381	None	445	None
1385	None	442	None
10756	None	435	None
1407	None	429	None
2478	None	400	None
1382	None	381	None
2263	None	372	None
5369	None	339	None
2410	None	322	None
10897	None	318	None
8468	None	317	None
1182	ControlCenter	313	/System/Library/CoreServices/ControlCenter.app/Contents/MacOS/ControlCenter
4963	None	294	None
2439	None	284	None
1406	None	277	None
5000	None	276	None
2283	None	258	None
1207	accountsd	256	/System/Library/Frameworks/Accounts.framework/Versions/A/Support/accountsd
2490	None	256	None
600	lsd	254	/usr/libexec/lsd
1206	nsurlsessiond	251	/usr/libexec/nsurlsessiond
2403	None	246	None
1978	None	231	None
2596	None	228	None
2433	None	225	None
5389	None	224	None
2800	None	220	None
5010	None	219	None
1364	assistantd	205	/System/Library/PrivateFrameworks/AssistantServices.framework/Versions/A/Support/assistantd
7907	None	201	None
5370	None	195	None
7898	None	195	None
1306	calaccessd	194	/System/Library/PrivateFrameworks/CalendarDaemon.framework/Support/calaccessd
10765	None	194	None
590	tccd	180	/System/Library/PrivateFrameworks/TCC.framework/Support/tccd
1201	secinitd	178	/usr/libexec/secinitd
534	biomed	171	/System/Library/PrivateFrameworks/BiomeStreams.framework/Support/biomed
1217	identityservicesd	169	/System/Library/PrivateFrameworks/IDS.framework/identityservicesd.app/Contents/MacOS/identityservicesd
974	mdbulkimport	165	/System/Library/Frameworks/CoreServices.framework/Versions/A/Frameworks/Metadata.framework/Versions/A/Support/mdbulkimport
2435	None	164	None
605	runningboardd	146	/usr/libexec/runningboardd
2814	None	140	None
8232	None	138	None
2437	None	130	None
846	karabiner_grabber	129	/Library/Application Support/org.pqrs/Karabiner-Elements/bin/karabiner_grabber
1353	NotificationCenter	128	/System/Library/CoreServices/NotificationCenter.app/Contents/MacOS/NotificationCenter
2244	None	128	None
581	bluetoothd	122	/usr/sbin/bluetoothd
1224	syncdefaultsd	107	/System/Library/PrivateFrameworks/SyncedDefaults.framework/Support/syncdefaultsd
8486	None	106	None
4968	None	103	None
1377	None	96	None
615	analyticsd	94	/System/Library/PrivateFrameworks/CoreAnalytics.framework/Support/analyticsd
3457	None	94	None
10849	None	89	None
10843	None	87	None
2568	None	84	None
2388	None	83	None
1253	sharedfilelistd	78	/System/Library/CoreServices/sharedfilelistd
2135	None	73	None
1183	cloudd	70	/System/Library/PrivateFrameworks/CloudKitDaemon.framework/Support/cloudd
1230	sharingd	69	/usr/libexec/sharingd
1908	None	66	None
1840	None	65	None
574	PerfPowerServices	60	/usr/libexec/PerfPowerServices
5386	None	58	None
6430	None	53	None
988	pkd	51	/usr/libexec/pkd
2324	None	51	None
532	powerd	50	/System/Library/CoreServices/powerd.bundle/powerd
2281	None	48	None
10704	None	47	None
4972	None	46	None
8909	None	43	None
1229	networkserviceproxy	42	/usr/libexec/networkserviceproxy
2249	None	42	None
10660	None	42	None
2368	None	41	None
10635	None	41	None
1212	tccd	40	/System/Library/PrivateFrameworks/TCC.framework/Support/tccd
619	coreaudiod	39	/usr/sbin/coreaudiod
2511	None	39	None
560	apsd	38	/System/Library/PrivateFrameworks/ApplePushService.framework/apsd
2176	None	37	None
1239	contactsd	35	/System/Library/Frameworks/Contacts.framework/Support/contactsd
2239	None	35	None
8254	None	35	None
844	cfbackd	33	/Library/Application Support/CleverFiles/BackService.app/Contents/MacOS/cfbackd
7905	None	33	None
742	aned	32	/usr/libexec/aned
1333	audioaccessoryd	32	/System/Library/CoreServices/audioaccessoryd
10667	None	32	None
1959	None	31	None
2482	None	31	None
2556	None	31	None
2256	None	30	None
2355	None	30	None
2506	None	30	None
1384	None	29	None
2290	None	29	None
5905	None	29	None
6479	None	29	None
563	usbmuxd	28	/Library/Apple/System/Library/PrivateFrameworks/MobileDevice.framework/Versions/A/Resources/usbmuxd
588	WindowServer	28	/System/Library/PrivateFrameworks/SkyLight.framework/Versions/A/Resources/WindowServer
569	dasd	27	/usr/libexec/dasd
2312	None	27	None
773	rtcreportingd	26	/usr/libexec/rtcreportingd
1208	usernoted	26	/usr/sbin/usernoted
6472	None	26	None
1359	imagent	25	/System/Library/PrivateFrameworks/IMCore.framework/imagent.app/Contents/MacOS/imagent
2444	None	25	None
634	socketfilterfw	24	/usr/libexec/ApplicationFirewall/socketfilterfw
9712	None	24	None
8470	None	23	None
2251	None	22	None
5006	None	22	None
626	airportd	21	/usr/libexec/airportd
10804	None	21	None
1197	rapportd	19	/usr/libexec/rapportd
2447	None	19	None
5384	None	19	None
8331	None	19	None
530	configd	18	/usr/libexec/configd
1246	familycircled	18	/System/Library/PrivateFrameworks/FamilyCircle.framework/Versions/A/Resources/familycircled
1363	IMDPersistenceAgent	18	/System/Library/PrivateFrameworks/IMDPersistence.framework/XPCServices/IMDPersistenceAgent.xpc/Contents/MacOS/IMDPersistenceAgent
1365	talagent	18	/System/Library/CoreServices/talagent
1380	None	18	None
562	timed	17	/usr/libexec/timed
622	mDNSResponder	17	/usr/sbin/mDNSResponder
1843	None	17	None
1965	None	17	None
2515	None	17	None
6370	None	17	None
679	symptomsd	16	/usr/libexec/symptomsd
1272	ContinuityCaptureAgent	15	/usr/libexec/ContinuityCaptureAgent
2284	None	15	None
5971	None	15	None
8806	None	15	None
10889	None	15	None
732	mobileactivationd	14	/usr/libexec/mobileactivationd
1204	pboard	14	/usr/libexec/pboard
1519	None	14	None
2345	None	14	None
4967	None	14	None
6001	None	14	None
8494	None	14	None
583	sandboxd	13	/usr/libexec/sandboxd
1191	BackgroundTaskManagementAgent	13	/System/Library/PrivateFrameworks/BackgroundTaskManagement.framework/Support/BackgroundTaskManagementAgent.app/Contents/MacOS/BackgroundTaskManagementAgent
2636	None	13	None
5002	None	13	None
10674	None	13	None
1196	ScreenTimeAgent	12	/System/Library/PrivateFrameworks/ScreenTimeCore.framework/Versions/A/ScreenTimeAgent
1235	akd	12	/System/Library/PrivateFrameworks/AuthKit.framework/Versions/A/Support/akd
2217	None	12	None
2308	None	12	None
2336	None	12	None
5974	None	12	None
10713	None	12	None
10830	None	12	None
10896	None	12	None
11682	None	12	None
852	netext	11	/Library/SystemExtensions/3C2BE713-F43C-439D-9C44-59FEDC4FDDD1/com.microsoft.wdav.netext.systemextension/Contents/MacOS/netext
1187	CoreServicesUIAgent	11	/System/Library/CoreServices/CoreServicesUIAgent.app/Contents/MacOS/CoreServicesUIAgent
1219	donotdisturbd	11	/System/Library/PrivateFrameworks/DoNotDisturbServer.framework/Support/donotdisturbd
1263	WiFiAgent	11	/System/Library/CoreServices/WiFiAgent.app/Contents/MacOS/WiFiAgent
1343	bluetoothuserd	11	/usr/libexec/bluetoothuserd
1357	AppSSOAgent	11	/System/Library/PrivateFrameworks/AppSSO.framework/Support/AppSSOAgent.app/Contents/MacOS/AppSSOAgent
2271	None	11	None
2342	None	11	None
2466	None	11	None
2543	None	11	None
5961	None	11	None
6448	None	11	None
595	coreservicesd	10	/System/Library/Frameworks/CoreServices.framework/Versions/A/Frameworks/CarbonCore.framework/Versions/A/Support/coreservicesd
840	systemsoundserverd	10	/usr/sbin/systemsoundserverd
1218	homed	10	/System/Library/PrivateFrameworks/HomeKitDaemon.framework/Support/homed
2219	None	10	None
2292	None	10	None
2557	None	10	None
2563	None	10	None
5716	None	10	None
5911	None	10	None
7914	None	10	None
10794	None	10	None
10914	None	10	None
519	smd	9	/usr/libexec/smd
702	com.apple.CodeSigningHelper	9	/System/Library/Frameworks/Security.framework/Versions/A/XPCServices/com.apple.CodeSigningHelper.xpc/Contents/MacOS/com.apple.CodeSigningHelper
1209	routined	9	/usr/libexec/routined
1220	CoreLocationAgent	9	/System/Library/CoreServices/CoreLocationAgent.app/Contents/MacOS/CoreLocationAgent
1842	None	9	None
2254	None	9	None
2329	None	9	None
2347	None	9	None
2399	None	9	None
2442	None	9	None
2476	None	9	None
3088	None	9	None
5831	None	9	None
5958	None	9	None
7906	None	9	None
10611	None	9	None
10634	None	9	None
10773	None	9	None
10895	None	9	None
10944	None	9	None
524	mediaremoted	8	/System/Library/PrivateFrameworks/MediaRemote.framework/Support/mediaremoted
657	hidd	8	/usr/libexec/hidd
1155	secd	8	/usr/libexec/secd
2230	None	8	None
2483	None	8	None
2505	None	8	None
8555	None	8	None
10632	None	8	None
10780	None	8	None
10814	None	8	None
10848	None	8	None
554	coreduetd	7	/usr/libexec/coreduetd
778	wifianalyticsd	7	/usr/libexec/wifianalyticsd
1373	None	7	None
1474	None	7	None
2259	None	7	None
3418	None	7	None
7594	None	7	None
10641	None	7	None
10795	None	7	None
10842	None	7	None
10856	None	7	None
10872	None	7	None
639	biometrickitd	6	/usr/libexec/biometrickitd
1009	adid	6	/System/Library/PrivateFrameworks/CoreADI.framework/Versions/A/adid
1358	AssetCacheLocatorService	6	/System/Library/PrivateFrameworks/AssetCacheServices.framework/Versions/A/XPCServices/AssetCacheLocatorService.xpc/Contents/MacOS/AssetCacheLocatorService
1391	None	6	None
1476	None	6	None
2265	None	6	None
2434	None	6	None
2546	None	6	None
5878	None	6	None
6016	None	6	None
6439	None	6	None
6447	None	6	None
8258	None	6	None
10781	None	6	None
10803	None	6	None
10867	None	6	None
10901	None	6	None
10904	None	6	None
647	findmydeviced	5	/usr/libexec/findmydeviced
649	authd	5	/System/Library/Frameworks/Security.framework/Versions/A/XPCServices/authd.xpc/Contents/MacOS/authd
2377	None	5	None
2384	None	5	None
2405	None	5	None
2409	None	5	None
2446	None	5	None
2815	None	5	None
5526	None	5	None
5982	None	5	None
10612	None	5	None
10648	None	5	None
10662	None	5	None
10775	None	5	None
10787	None	5	None
10798	None	5	None
10863	None	5	None
10886	None	5	None
10903	None	5	None
10905	None	5	None
10921	None	5	None
558	thermalmonitord	4	/usr/libexec/thermalmonitord
564	securityd	4	/usr/sbin/securityd
677	backgroundtaskmanagementd	4	/System/Library/PrivateFrameworks/BackgroundTaskManagement.framework/Versions/A/Resources/backgroundtaskmanagementd
734	com.apple.geod	4	/System/Library/PrivateFrameworks/GeoServices.framework/Versions/A/XPCServices/com.apple.geod.xpc/Contents/MacOS/com.apple.geod
921	gamecontrollerd	4	/usr/libexec/gamecontrollerd
1494	None	4	None
2383	None	4	None
2393	None	4	None
2397	None	4	None
2457	None	4	None
2531	None	4	None
2889	None	4	None
4973	None	4	None
5379	None	4	None
6017	None	4	None
6062	None	4	None
7617	None	4	None
8269	None	4	None
8282	None	4	None
10645	None	4	None
10791	None	4	None
10793	None	4	None
10839	None	4	None
10847	None	4	None
10874	None	4	None
10890	None	4	None
10902	None	4	None
10911	None	4	None
10932	None	4	None
11880	None	4	None
12126	None	4	None
13662	None	4	None
579	usermanagerd	3	/usr/libexec/usermanagerd
738	colorsyncd	3	/usr/libexec/colorsyncd
1225	transparencyd	3	/usr/libexec/transparencyd
1378	None	3	None
1941	None	3	None
2223	None	3	None
2238	None	3	None
2296	None	3	None
2297	None	3	None
2337	None	3	None
2379	None	3	None
2431	None	3	None
2432	None	3	None
2441	None	3	None
2488	None	3	None
2491	None	3	None
2507	None	3	None
2560	None	3	None
4992	None	3	None
5003	None	3	None
5009	None	3	None
7912	None	3	None
8453	None	3	None
8480	None	3	None
8481	None	3	None
10610	None	3	None
10646	None	3	None
10650	None	3	None
10730	None	3	None
10783	None	3	None
10786	None	3	None
10789	None	3	None
10790	None	3	None
10800	None	3	None
10808	None	3	None
10823	None	3	None
10831	None	3	None
10850	None	3	None
10854	None	3	None
10858	None	3	None
10859	None	3	None
10861	None	3	None
10870	None	3	None
10923	None	3	None
12836	None	3	None
13375	None	3	None
577	revisiond	2	/System/Library/PrivateFrameworks/GenerationalStorage.framework/Versions/A/Support/revisiond
586	com.apple.cmio.registerassistan	2	/System/Library/Frameworks/CoreMediaIO.framework/Versions/A/Resources/com.apple.cmio.registerassistantservice
623	nsurlsessiond	2	/usr/libexec/nsurlsessiond
641	netbiosd	2	/usr/sbin/netbiosd
710	securityd_system	2	/usr/libexec/securityd_system
715	wifip2pd	2	/usr/libexec/wifip2pd
862	coresymbolicationd	2	/System/Library/PrivateFrameworks/CoreSymbolication.framework/coresymbolicationd
1102	coreauthd	2	/System/Library/Frameworks/LocalAuthentication.framework/Support/coreauthd
1227	ctkd	2	/System/Library/Frameworks/CryptoTokenKit.framework/ctkd
1228	coreauthd	2	/System/Library/Frameworks/LocalAuthentication.framework/Support/coreauthd
2120	None	2	None
2170	None	2	None
2267	None	2	None
2313	None	2	None
2326	None	2	None
2338	None	2	None
2349	None	2	None
2614	None	2	None
5213	None	2	None
5315	None	2	None
5464	None	2	None
5972	None	2	None
5978	None	2	None
6014	None	2	None
6015	None	2	None
6489	None	2	None
8339	None	2	None
8495	None	2	None
9764	None	2	None
10633	None	2	None
10636	None	2	None
10675	None	2	None
10676	None	2	None
10731	None	2	None
10764	None	2	None
10782	None	2	None
10785	None	2	None
10788	None	2	None
10792	None	2	None
10796	None	2	None
10797	None	2	None
10799	None	2	None
10805	None	2	None
10806	None	2	None
10807	None	2	None
10810	None	2	None
10811	None	2	None
10818	None	2	None
10819	None	2	None
10820	None	2	None
10827	None	2	None
10832	None	2	None
10833	None	2	None
10834	None	2	None
10835	None	2	None
10837	None	2	None
10838	None	2	None
10840	None	2	None
10844	None	2	None
10846	None	2	None
10851	None	2	None
10852	None	2	None
10857	None	2	None
10860	None	2	None
10864	None	2	None
10865	None	2	None
10868	None	2	None
10869	None	2	None
10885	None	2	None
11433	None	2	None
11437	None	2	None
11447	None	2	None
11449	None	2	None
11451	None	2	None
11457	None	2	None
11467	None	2	None
11468	None	2	None
11475	None	2	None
11481	None	2	None
11482	None	2	None
11502	None	2	None
11506	None	2	None
11510	None	2	None
11511	None	2	None
11517	None	2	None
11528	None	2	None
11529	None	2	None
11537	None	2	None
11538	None	2	None
11539	None	2	None
11547	None	2	None
11737	None	2	None
12128	None	2	None
12281	None	2	None
12460	None	2	None
12461	None	2	None
12477	None	2	None
12479	None	2	None
12493	None	2	None
12494	None	2	None
12509	None	2	None
12511	None	2	None
12534	None	2	None
12536	None	2	None
12571	None	2	None
12572	None	2	None
12581	None	2	None
12592	None	2	None
12594	None	2	None
12600	None	2	None
12619	None	2	None
12638	None	2	None
12640	None	2	None
12641	None	2	None
12668	None	2	None
12686	None	2	None
12704	None	2	None
12706	None	2	None
12738	None	2	None
12785	None	2	None
12797	None	2	None
12801	None	2	None
12807	None	2	None
12814	None	2	None
12838	None	2	None
12862	None	2	None
12871	None	2	None
12882	None	2	None
12890	None	2	None
12897	None	2	None
12901	None	2	None
12918	None	2	None
12927	None	2	None
12936	None	2	None
12948	None	2	None
13041	None	2	None
13050	None	2	None
13065	None	2	None
13072	None	2	None
13088	None	2	None
13110	None	2	None
13125	None	2	None
13136	None	2	None
13158	None	2	None
13175	None	2	None
13178	None	2	None
13191	None	2	None
13208	None	2	None
13218	None	2	None
13251	None	2	None
13299	None	2	None
13302	None	2	None
13306	None	2	None
13310	None	2	None
13315	None	2	None
13325	None	2	None
13349	None	2	None
13370	None	2	None
13374	None	2	None
13380	None	2	None
13383	None	2	None
13384	None	2	None
13396	None	2	None
13397	None	2	None
13398	None	2	None
13402	None	2	None
13405	None	2	None
13407	None	2	None
13413	None	2	None
13415	None	2	None
13417	None	2	None
13419	None	2	None
13422	None	2	None
13427	None	2	None
13436	None	2	None
13445	None	2	None
13461	None	2	None
13470	None	2	None
13471	None	2	None
13494	None	2	None
13507	None	2	None
13511	None	2	None
13512	None	2	None
13520	None	2	None
13524	None	2	None
13530	None	2	None
13536	None	2	None
13545	None	2	None
13559	None	2	None
13574	None	2	None
13581	None	2	None
13600	None	2	None
13613	None	2	None
13620	None	2	None
13636	None	2	None
13643	None	2	None
13649	None	2	None
13656	None	2	None
13670	None	2	None
13695	None	2	None
13698	None	2	None
13724	None	2	None
13770	None	2	None
13791	None	2	None
13801	None	2	None
13804	None	2	None
13812	None	2	None
13829	None	2	None
13836	None	2	None
13852	None	2	None
13859	None	2	None
13889	None	2	None
13896	None	2	None
13897	None	2	None
13916	None	2	None
13923	None	2	None
13925	None	2	None
13935	None	2	None
13937	None	2	None
13938	None	2	None
13939	None	2	None
15159	None	2	None
18963	None	2	None
70179	None	2	None
650	systemstatusd	1	/System/Library/PrivateFrameworks/SystemStatusServer.framework/Support/systemstatusd
717	appleh13camerad	1	/usr/sbin/appleh13camerad
1223	callservicesd	1	/System/Library/PrivateFrameworks/TelephonyUtilities.framework/callservicesd
1243	neagent	1	/usr/libexec/neagent
1366	WindowManager	1	/System/Library/CoreServices/WindowManager.app/Contents/MacOS/WindowManager
1371	appinstalld	1	/System/Library/PrivateFrameworks/MobileInstallation.framework/Support/appinstalld
1390	None	1	None
1511	None	1	None
2194	None	1	None
2273	None	1	None
2328	None	1	None
2340	None	1	None
2343	None	1	None
2374	None	1	None
2396	None	1	None
2508	None	1	None
3239	None	1	None
3629	None	1	None
4858	None	1	None
4995	None	1	None
5007	None	1	None
5041	None	1	None
5391	None	1	None
5423	None	1	None
5487	None	1	None
5545	None	1	None
5613	None	1	None
5810	None	1	None
5968	None	1	None
6057	None	1	None
7900	None	1	None
7915	None	1	None
7926	None	1	None
8591	None	1	None
9707	None	1	None
10487	None	1	None
10488	None	1	None
10491	None	1	None
10615	None	1	None
10638	None	1	None
10647	None	1	None
10651	None	1	None
10666	None	1	None
10668	None	1	None
10670	None	1	None
10733	None	1	None
10766	None	1	None
10767	None	1	None
10776	None	1	None
10809	None	1	None
10821	None	1	None
10824	None	1	None
10825	None	1	None
10826	None	1	None
10845	None	1	None
10862	None	1	None
10876	None	1	None
10879	None	1	None
10881	None	1	None
10883	None	1	None
10884	None	1	None
10887	None	1	None
10892	None	1	None
10899	None	1	None
10900	None	1	None
10913	None	1	None
10968	None	1	None
10988	None	1	None
11020	None	1	None
11024	None	1	None
11102	None	1	None
11236	None	1	None
11362	None	1	None
11374	None	1	None
11550	None	1	None
11637	None	1	None
11638	None	1	None
11644	None	1	None
11674	None	1	None
11691	None	1	None
11709	None	1	None
11712	None	1	None
11730	None	1	None
11734	None	1	None
11763	None	1	None
11791	None	1	None
11848	None	1	None
11870	None	1	None
11876	None	1	None
11877	None	1	None
11914	None	1	None
12032	None	1	None
12039	None	1	None
12063	None	1	None
12089	None	1	None
12123	None	1	None
12124	None	1	None
12125	None	1	None
12127	None	1	None
12129	None	1	None
12130	None	1	None
12131	None	1	None
12132	None	1	None
12133	None	1	None
12269	None	1	None
12273	None	1	None
12277	None	1	None
12288	None	1	None
12290	None	1	None
12297	None	1	None
12302	None	1	None
12304	None	1	None
12321	None	1	None
12324	None	1	None
12357	None	1	None
12407	None	1	None
12457	None	1	None
12522	None	1	None
12622	None	1	None
12637	None	1	None
12714	None	1	None
12842	None	1	None
12919	None	1	None
12977	None	1	None
12978	None	1	None
13047	None	1	None
13083	None	1	None
13162	None	1	None
13226	None	1	None
13318	None	1	None
13364	None	1	None
13365	None	1	None
13366	None	1	None
13367	None	1	None
13371	None	1	None
13372	None	1	None
13373	None	1	None
13376	None	1	None
13378	None	1	None
13382	None	1	None
13386	None	1	None
13387	None	1	None
13388	None	1	None
13393	None	1	None
13394	None	1	None
13409	None	1	None
13410	None	1	None
13411	None	1	None
13412	None	1	None
13414	None	1	None
13500	None	1	None
13503	None	1	None
13504	None	1	None
13506	None	1	None
13508	None	1	None
13621	None	1	None
13751	None	1	None
13807	None	1	None
13887	None	1	None
13890	None	1	None
13898	None	1	None
13900	None	1	None
13930	None	1	None
13931	None	1	None
13932	None	1	None
13933	None	1	None
13936	None	1	None
13940	None	1	None
13941	None	1	None
13942	None	1	None
13943	None	1	None
13944	None	1	None
13945	None	1	None
13946	None	1	None
13947	None	1	None
13948	None	1	None
13949	None	1	None
13950	None	1	None
13951	None	1	None
13952	None	1	None
13953	None	1	None
13954	None	1	None
13955	None	1	None
13956	None	1	None
13957	None	1	None
13958	None	1	None
13959	None	1	None
13960	None	1	None
13961	None	1	None
13962	None	1	None
13963	None	1	None
13964	None	1	None
13965	None	1	None
13966	None	1	None
13967	None	1	None
13968	None	1	None
13969	None	1	None
13970	None	1	None
13971	None	1	None
13972	None	1	None
13973	None	1	None
13974	None	1	None
13975	None	1	None
13976	None	1	None
13977	None	1	None
13978	None	1	None
13979	None	1	None
13980	None	1	None
13981	None	1	None
13982	None	1	None
13983	None	1	None
13984	None	1	None
13985	None	1	None
13986	None	1	None
13987	None	1	None
13988	None	1	None
13989	None	1	None
13990	None	1	None
13991	None	1	None
13992	None	1	None
13993	None	1	None
13994	None	1	None
13995	None	1	None
13996	None	1	None
13997	None	1	None
13998	None	1	None
13999	None	1	None
14000	None	1	None
14001	None	1	None
14002	None	1	None
14003	None	1	None
14004	None	1	None
14005	None	1	None
14006	None	1	None
14007	None	1	None
14008	None	1	None
14009	None	1	None
14010	None	1	None
14011	None	1	None
14012	None	1	None
14013	None	1	None
14014	None	1	None
14015	None	1	None
14016	None	1	None
14017	None	1	None
14018	None	1	None
14019	None	1	None
14020	None	1	None
14021	None	1	None
14022	None	1	None
14023	None	1	None
14024	None	1	None
14025	None	1	None
14026	None	1	None
14027	None	1	None
14028	None	1	None
14029	None	1	None
14030	None	1	None
14031	None	1	None
14032	None	1	None
14033	None	1	None
14034	None	1	None
14035	None	1	None
14036	None	1	None
14037	None	1	None
14038	None	1	None
14039	None	1	None
14040	None	1	None
14041	None	1	None
14042	None	1	None
14043	None	1	None
14044	None	1	None
14045	None	1	None
14046	None	1	None
14047	None	1	None
14048	None	1	None
14049	None	1	None
14050	None	1	None
14051	None	1	None
14052	None	1	None
14053	None	1	None
14054	None	1	None
14055	None	1	None
14056	None	1	None
14057	None	1	None
14058	None	1	None
14059	None	1	None
14060	None	1	None
14061	None	1	None
14062	None	1	None
14063	None	1	None
14064	None	1	None
14065	None	1	None
14066	None	1	None
14067	None	1	None
14068	None	1	None
14069	None	1	None
14070	None	1	None
14071	None	1	None
14072	None	1	None
14073	None	1	None
14074	None	1	None
14075	None	1	None
14076	None	1	None
14077	None	1	None
14078	None	1	None
14079	None	1	None
14080	None	1	None
14081	None	1	None
14082	None	1	None
14083	None	1	None
14084	None	1	None
14085	None	1	None
14086	None	1	None
14087	None	1	None
14088	None	1	None
14089	None	1	None
14090	None	1	None
14091	None	1	None
14092	None	1	None
14093	None	1	None
14094	None	1	None
14095	None	1	None
14096	None	1	None
14097	None	1	None
14098	None	1	None
14099	None	1	None
14100	None	1	None
14101	None	1	None
14102	None	1	None
14103	None	1	None
14104	None	1	None
14105	None	1	None
14106	None	1	None
14107	None	1	None
14108	None	1	None
14109	None	1	None
14110	None	1	None
14111	None	1	None
14112	None	1	None
14113	None	1	None
14114	None	1	None
14115	None	1	None
14116	None	1	None
14117	None	1	None
14118	None	1	None
14119	None	1	None
14120	None	1	None
14121	None	1	None
14122	None	1	None
14123	None	1	None
14124	None	1	None
14125	None	1	None
14126	None	1	None
14127	None	1	None
14128	None	1	None
14129	None	1	None
14130	None	1	None
14131	None	1	None
14132	None	1	None
14133	None	1	None
14134	None	1	None
14135	None	1	None
14175	None	1	None
14237	None	1	None
14239	None	1	None
14263	None	1	None
14264	None	1	None
14265	None	1	None
14266	None	1	None
14267	None	1	None
14270	None	1	None
14271	None	1	None
14272	None	1	None
14273	None	1	None
14274	None	1	None
14276	None	1	None
14277	None	1	None
14278	None	1	None
14280	None	1	None
14281	None	1	None
14282	None	1	None
14493	None	1	None
14858	None	1	None
14859	None	1	None
14861	None	1	None
14862	None	1	None
14863	None	1	None
14864	None	1	None
14865	None	1	None
14867	None	1	None
14952	None	1	None
15163	None	1	None
15338	None	1	None
15563	None	1	None
15795	None	1	None
15796	None	1	None
15872	None	1	None
15995	None	1	None
16216	None	1	None
16326	None	1	None
16330	None	1	None
16613	None	1	None
16726	None	1	None
16727	None	1	None
16728	None	1	None
16732	None	1	None
16735	None	1	None
16738	None	1	None
16800	None	1	None
16970	None	1	None
16974	None	1	None
17202	None	1	None
17207	None	1	None
17236	None	1	None
17768	None	1	None
18155	None	1	None
18156	None	1	None
18157	None	1	None
18158	None	1	None
18839	None	1	None
18841	None	1	None
18849	None	1	None
18857	None	1	None
18868	None	1	None
18881	None	1	None
18885	None	1	None
18887	None	1	None
18895	None	1	None
18898	None	1	None
18900	None	1	None
18901	None	1	None
18903	None	1	None
18904	None	1	None
18905	None	1	None
18907	None	1	None
18908	None	1	None
18909	None	1	None
18910	None	1	None
18911	None	1	None
18912	None	1	None
18913	None	1	None
18914	None	1	None
18915	None	1	None
18916	None	1	None
18917	None	1	None
18918	None	1	None
18919	None	1	None
18920	None	1	None
18921	None	1	None
18923	None	1	None
18924	None	1	None
18926	None	1	None
18928	None	1	None
18930	None	1	None
18931	None	1	None
18932	None	1	None
18933	None	1	None
18934	None	1	None
18935	None	1	None
18936	None	1	None
18937	None	1	None
18938	None	1	None
18939	None	1	None
18940	None	1	None
18941	None	1	None
18942	None	1	None
18943	None	1	None
18944	None	1	None
18945	None	1	None
18946	None	1	None
18947	None	1	None
18948	None	1	None
18949	None	1	None
18950	None	1	None
18951	None	1	None
18952	None	1	None
18953	None	1	None
18954	None	1	None
18955	None	1	None
18956	None	1	None
18957	None	1	None
18958	None	1	None
18959	None	1	None
18960	None	1	None
18961	None	1	None
18962	None	1	None
18964	None	1	None
18965	None	1	None
18966	None	1	None
18967	None	1	None
18968	None	1	None
18969	None	1	None
18970	None	1	None
18971	None	1	None
18972	None	1	None
18973	None	1	None
18974	None	1	None
18975	None	1	None
18976	None	1	None
18977	None	1	None
18978	None	1	None
18979	None	1	None
18980	None	1	None
18981	None	1	None
18982	None	1	None
18983	None	1	None
18984	None	1	None
18985	None	1	None
18986	None	1	None
18987	None	1	None
18988	None	1	None
18989	None	1	None
18990	None	1	None
18991	None	1	None
18992	None	1	None
18993	None	1	None
18994	None	1	None
18995	None	1	None
18996	None	1	None
18997	None	1	None
18998	None	1	None
18999	None	1	None
19000	None	1	None
19001	None	1	None
19002	None	1	None
19003	None	1	None
19004	None	1	None
19005	None	1	None
19006	None	1	None
19007	None	1	None
19008	None	1	None
19009	None	1	None
19010	None	1	None
19011	None	1	None
19012	None	1	None
19013	None	1	None
19014	None	1	None
19015	None	1	None
19016	None	1	None
19017	None	1	None
19018	None	1	None
19019	None	1	None
19020	None	1	None
19021	None	1	None
19022	None	1	None
19023	None	1	None
19024	None	1	None
19025	None	1	None
19026	None	1	None
19027	None	1	None
19028	None	1	None
19029	None	1	None
19030	None	1	None
19031	None	1	None
19032	None	1	None
19033	None	1	None
19034	None	1	None
19035	None	1	None
19036	None	1	None
19037	None	1	None
19038	None	1	None
19039	None	1	None
19040	None	1	None
19041	None	1	None
19042	None	1	None
19043	None	1	None
19044	None	1	None
19045	None	1	None
19046	None	1	None
19047	None	1	None
19048	None	1	None
19049	None	1	None
19050	None	1	None
19051	None	1	None
19052	None	1	None
19053	None	1	None
19054	None	1	None
19055	None	1	None
19056	None	1	None
19057	None	1	None
19058	None	1	None
19059	None	1	None
19060	None	1	None
19061	None	1	None
19062	None	1	None
19063	None	1	None
19064	None	1	None
19065	None	1	None
19066	None	1	None
19067	None	1	None
19068	None	1	None
19069	None	1	None
19070	None	1	None
19071	None	1	None
19072	None	1	None
19073	None	1	None
19074	None	1	None
19075	None	1	None
19076	None	1	None
19077	None	1	None
19078	None	1	None
19079	None	1	None
19080	None	1	None
19081	None	1	None
19082	None	1	None
19083	None	1	None
19084	None	1	None
19085	None	1	None
19086	None	1	None
19087	None	1	None
19088	None	1	None
19089	None	1	None
19090	None	1	None
19091	None	1	None
19092	None	1	None
19093	None	1	None
19094	None	1	None
19095	None	1	None
19096	None	1	None
19097	None	1	None
19098	None	1	None
19099	None	1	None
19100	None	1	None
19101	None	1	None
19102	None	1	None
19103	None	1	None
19104	None	1	None
19105	None	1	None
19106	None	1	None
19107	None	1	None
19108	None	1	None
19109	None	1	None
19110	None	1	None
19111	None	1	None
19112	None	1	None
19113	None	1	None
19114	None	1	None
19115	None	1	None
19116	None	1	None
19117	None	1	None
19118	None	1	None
19119	None	1	None
19120	None	1	None
19121	None	1	None
19122	None	1	None
19123	None	1	None
19124	None	1	None
19125	None	1	None
19126	None	1	None
19127	None	1	None
19128	None	1	None
19129	None	1	None
19130	None	1	None
19131	None	1	None
19132	None	1	None
19133	None	1	None
19134	None	1	None
19135	None	1	None
19136	None	1	None
19137	None	1	None
19138	None	1	None
19139	None	1	None
19140	None	1	None
19141	None	1	None
19142	None	1	None
19143	None	1	None
19144	None	1	None
19145	None	1	None
19146	None	1	None
19147	None	1	None
19148	None	1	None
19149	None	1	None
19150	None	1	None
19151	None	1	None
19152	None	1	None
19153	None	1	None
19154	None	1	None
19155	None	1	None
19156	None	1	None
19157	None	1	None
19158	None	1	None
19159	None	1	None
19160	None	1	None
19161	None	1	None
19162	None	1	None
19163	None	1	None
19164	None	1	None
19165	None	1	None
19166	None	1	None
19167	None	1	None
19168	None	1	None
19169	None	1	None
19170	None	1	None
19171	None	1	None
19172	None	1	None
19173	None	1	None
19174	None	1	None
19175	None	1	None
19176	None	1	None
19177	None	1	None
19178	None	1	None
19179	None	1	None
19180	None	1	None
19181	None	1	None
19182	None	1	None
19183	None	1	None
19184	None	1	None
19185	None	1	None
19186	None	1	None
19187	None	1	None
19188	None	1	None
19189	None	1	None
19190	None	1	None
19191	None	1	None
19192	None	1	None
19193	None	1	None
19194	None	1	None
19195	None	1	None
19196	None	1	None
19197	None	1	None
19198	None	1	None
19199	None	1	None
19200	None	1	None
19201	None	1	None
19202	None	1	None
19203	None	1	None
19204	None	1	None
19205	None	1	None
19206	None	1	None
19207	None	1	None
19208	None	1	None
19209	None	1	None
19210	None	1	None
19211	None	1	None
19212	None	1	None
19213	None	1	None
19214	None	1	None
19215	None	1	None
19216	None	1	None
19217	None	1	None
19218	None	1	None
19219	None	1	None
19220	None	1	None
19221	None	1	None
19222	None	1	None
19223	None	1	None
19224	None	1	None
19225	None	1	None
19226	None	1	None
19231	None	1	None
19278	None	1	None
19279	None	1	None
20389	None	1	None
20390	None	1	None
20509	None	1	None
20532	None	1	None
20557	None	1	None
20694	None	1	None
20731	None	1	None
20736	None	1	None
20817	None	1	None
20827	None	1	None
20828	None	1	None
20832	None	1	None
20833	None	1	None
21021	None	1	None
21145	None	1	None
21694	None	1	None
21695	None	1	None
21696	None	1	None
21697	None	1	None
21762	None	1	None
21778	None	1	None
21794	None	1	None
21806	None	1	None
21807	None	1	None
21808	None	1	None
21809	None	1	None
21810	None	1	None
21811	None	1	None
21812	None	1	None
21813	None	1	None
21814	None	1	None
21815	None	1	None
21816	None	1	None
21817	None	1	None
21818	None	1	None
21819	None	1	None
21820	None	1	None
21821	None	1	None
21823	None	1	None
21824	None	1	None
21826	None	1	None
21828	None	1	None
21829	None	1	None
21831	None	1	None
21832	None	1	None
21833	None	1	None
21860	None	1	None
21874	None	1	None
21896	None	1	None
21907	None	1	None
22172	None	1	None
22176	None	1	None
22399	None	1	None
22407	None	1	None
22938	None	1	None
22941	None	1	None
23264	None	1	None
23272	None	1	None
23408	None	1	None
23409	None	1	None
23447	None	1	None
23475	None	1	None
23498	None	1	None
23511	None	1	None
23524	None	1	None
23532	None	1	None
23533	None	1	None
23545	None	1	None
23660	None	1	None
23772	None	1	None
23795	None	1	None
23801	None	1	None
23802	None	1	None
23826	None	1	None
23837	None	1	None
23845	None	1	None
23861	None	1	None
23904	None	1	None
24009	None	1	None
28703	None	1	None
28704	None	1	None
28800	None	1	None
28802	None	1	None
29225	None	1	None
31032	None	1	None
32469	None	1	None
32470	None	1	None
32471	None	1	None
32472	None	1	None
32997	None	1	None
33299	None	1	None
33301	None	1	None
33303	None	1	None
33304	None	1	None
33305	None	1	None
33306	None	1	None
33307	None	1	None
33308	None	1	None
33309	None	1	None
33310	None	1	None
33311	None	1	None
33312	None	1	None
35299	None	1	None
35309	None	1	None
36315	None	1	None
38065	None	1	None
38164	None	1	None
38939	None	1	None
40410	None	1	None
40637	None	1	None
43439	None	1	None
46387	None	1	None
47444	None	1	None
47445	None	1	None
47446	None	1	None
48452	None	1	None
50286	None	1	None
51525	None	1	None
52060	None	1	None
53379	None	1	None
53954	None	1	None
54199	None	1	None
54205	None	1	None
55228	None	1	None
55587	None	1	None
55771	None	1	None
56498	None	1	None
56941	None	1	None
57940	None	1	None
58120	None	1	None
58125	None	1	None
58126	None	1	None
58127	None	1	None
59215	None	1	None
59216	None	1	None
60535	None	1	None
61600	None	1	None
62853	None	1	None
63431	None	1	None
64339	None	1	None
65712	None	1	None
66220	None	1	None
66221	None	1	None
66222	None	1	None
66355	None	1	None
66358	None	1	None
68017	None	1	None
68820	None	1	None
68908	None	1	None
68909	None	1	None
68910	None	1	None
69211	None	1	None
69476	None	1	None
69699	None	1	None
69752	None	1	None
69753	None	1	None
69754	None	1	None
69769	None	1	None
69779	None	1	None
69782	None	1	None
69785	None	1	None
69808	None	1	None
69809	None	1	None
69823	None	1	None
69834	None	1	None
69860	None	1	None
69870	None	1	None
69889	None	1	None
69890	None	1	None
69896	None	1	None
69906	None	1	None
69908	None	1	None
69917	None	1	None
69929	None	1	None
69930	None	1	None
69954	None	1	None
69961	None	1	None
69963	None	1	None
69967	None	1	None
69968	None	1	None
69969	None	1	None
69970	None	1	None
69981	None	1	None
70002	None	1	None
70004	None	1	None
70017	None	1	None
70029	None	1	None
70030	None	1	None
70102	None	1	None
70110	None	1	None
70112	None	1	None
70116	None	1	None
70117	None	1	None
70118	None	1	None
70127	None	1	None
70130	None	1	None
70135	None	1	None
70139	None	1	None
70146	None	1	None
70147	None	1	None
70151	None	1	None
70152	None	1	None
70156	None	1	None
70167	None	1	None
70168	None	1	None
70169	None	1	None
70172	None	1	None
70174	None	1	None
70190	None	1	None
